This is XeTeX, Version 3.14159265-2.6-0.999991 (MiKTeX 2.9.7050 64-bit) (preloaded format=xelatex 2019.7.14)  16 APR 2021 09:26
entering extended mode
**./styleguide.tex
(styleguide.tex
LaTeX2e <2018-12-01>
(biometrika.cls
Document Class: biometrika 2009/25/05 v1.5 Standard LaTeX document class
\draftrule=\dimen102
\trimrule=\dimen103
(Biomet-lineno.sty (lineno.sty
Package: lineno 2005/11/02 line numbers on paragraphs v4.41
Invalid UTF-8 byte or sequence at line 296 replaced by U+FFFD.
\linenopenalty=\count80
\output=\toks14
\linenoprevgraf=\count81
\linenumbersep=\dimen104
\linenumberwidth=\dimen105
\c@linenumber=\count82
\c@pagewiselinenumber=\count83
\c@LN@truepage=\count84
\c@internallinenumber=\count85
\c@internallinenumbers=\count86
\quotelinenumbersep=\dimen106
\bframerule=\dimen107
\bframesep=\dimen108
\bframebox=\box27
LaTeX Info: Redefining \\ on input line 3056.
))
\minute=\count87
\hour=\count88
\trimwidth=\dimen109
\trimheight=\dimen110
\typewidth=\dimen111
\typeheight=\dimen112
\tempdimen=\dimen113
\normaltextheight=\dimen114
\normalbaselineskip=\skip41
\blindfoliodrop=\dimen115
\enumdim=\dimen116
\figheight=\dimen117
\figwidth=\dimen118
\tabledim=\dimen119
\tableleftskip=\skip42
\tablerightskip=\skip43
\mathindent=\dimen120
\emathindent=\dimen121
\bibindent=\dimen122
\tempbox=\box28
\aucount=\count89
\affcount=\count90
\articlecount=\count91
\abbrebox=\box29
\c@part=\count92
\c@chapter=\count93
\c@section=\count94
\c@subsection=\count95
\topsepi=\skip44
\topsepii=\skip45
\topsepiii=\skip46
\itemsepi=\skip47
\itemsepii=\skip48
\itemsepiii=\skip49
\LabelSep=\dimen123
\deflistcount=\count96
\listtextleftmargin=\skip50
\listtextleftmarginii=\skip51
\listtextleftmarginiii=\skip52
\listtextrightmargin=\skip53
\listlabelleftskip=\skip54
\listlabelleftskipii=\skip55
\listlabelleftskipiii=\skip56
\abovelistskipi=\skip57
\belowlistskipi=\skip58
\abovelistskipii=\skip59
\belowlistskipii=\skip60
\abovelistskipiii=\skip61
\belowlistskipiii=\skip62
\labelsepi=\skip63
\labelsepii=\skip64
\labelsepiii=\skip65
\enumdimwd=\dimen124
\unnumlistindent=\dimen125
\itemleftmargin=\dimen126
\itemlabelsep=\dimen127
\c@ncount=\count97
\abovecaptionskip=\skip66
\belowcaptionskip=\skip67
\c@figure=\count98
\tempadimen=\dimen128

(D:\software\latex\mitex\mitex\tex/latex/graphics\graphics.sty
Package: graphics 2017/06/25 v1.2c Standard LaTeX Graphics (DPC,SPQR)

(D:\software\latex\mitex\mitex\tex/latex/graphics\trig.sty
Package: trig 2016/01/03 v1.10 sin cos tan (DPC)
)
(D:\software\latex\mitex\mitex\tex/latex/graphics-cfg\graphics.cfg
File: graphics.cfg 2016/06/04 v1.11 sample graphics configuration
)
Package graphics Info: Driver file: xetex.def on input line 99.

(D:\software\latex\mitex\mitex\tex/latex/graphics-def\xetex.def
File: xetex.def 2017/06/24 v5.0h Graphics/color driver for xetex
))
(D:\software\latex\mitex\mitex\tex/latex/graphics\graphicx.sty
Package: graphicx 2017/06/01 v1.1a Enhanced LaTeX Graphics (DPC,SPQR)

(D:\software\latex\mitex\mitex\tex/latex/graphics\keyval.sty
Package: keyval 2014/10/28 v1.15 key=value parser (DPC)
\KV@toks@=\toks15
)
\Gin@req@height=\dimen129
\Gin@req@width=\dimen130
)
\figtempbox=\box30
\c@table=\count99
\@footmax=\dimen131
LaTeX Font Info:    External font `cmex10' loaded for size
(Font)              <8> on input line 1325.
LaTeX Font Info:    External font `cmex10' loaded for size
(Font)              <6> on input line 1325.
LaTeX Font Info:    External font `cmex10' loaded for size
(Font)              <5> on input line 1325.
\bibindent=\dimen132
\bibleftmargin=\dimen133
\bibitemsep=\dimen134
\bibparsep=\dimen135
\bibtext=\dimen136
\biblabelsep=\dimen137
\bibleftmargini=\dimen138
\linecount=\count100
\tempcount=\count101
 (ntheorem.sty
Style `ntheorem', Version 1.24 <2004/09/20>
Package: ntheorem 2004/09/20 1.24
\theorem@style=\toks16
\theorem@@style=\toks17
\theorembodyfont=\toks18
\theoremnumbering=\toks19
\theorempreskipamount=\skip68
\theorempostskipamount=\skip69
\theoremindent=\dimen139
\theorem@indent=\dimen140
\theoremheaderfont=\toks20
\theoremseparator=\toks21
\theoremprework=\toks22
\theorempostwork=\toks23
\theoremsymbol=\toks24
\qedsymbol=\toks25
\theoremkeyword=\toks26
\qedsymbol=\toks27
\thm@topsepadd=\skip70
Package ntheorem Info: Option `thmmarks' loaded on input line 1031.
\c@endNonectr=\count102
\c@currNonectr=\count103
\mysavskip=\skip71
)
\c@currtheoremctr=\count104
\c@endtheoremctr=\count105
\c@theorem=\count106
\c@currlemmactr=\count107
\c@endlemmactr=\count108
\c@lemma=\count109
\c@currcorollaryctr=\count110
\c@endcorollaryctr=\count111
\c@corollary=\count112
\c@currpropositionctr=\count113
\c@endpropositionctr=\count114
\c@proposition=\count115
\c@currdefinitionctr=\count116
\c@enddefinitionctr=\count117
\c@definition=\count118
\c@currassumptionctr=\count119
\c@endassumptionctr=\count120
\c@assumption=\count121
\c@currremarkctr=\count122
\c@endremarkctr=\count123
\c@remark=\count124
\c@currstepctr=\count125
\c@endstepctr=\count126
\c@step=\count127
\c@currconditionctr=\count128
\c@endconditionctr=\count129
\c@condition=\count130
\c@currpropertyctr=\count131
\c@endpropertyctr=\count132
\c@property=\count133
\c@currrestrictionctr=\count134
\c@endrestrictionctr=\count135
\c@restriction=\count136
\c@currexamplectr=\count137
\c@endexamplectr=\count138
\c@example=\count139
\c@curralgoctr=\count140
\c@endalgoctr=\count141
\c@algo=\count142
\c@currproofctr=\count143
\c@endproofctr=\count144
\c@proof=\count145
 (D:\software\latex\mitex\mitex\tex/latex/natbib\natbib.sty
Package: natbib 2010/09/13 8.31b (PWD, AO)
\bibhang=\skip72
\bibsep=\skip73
LaTeX Info: Redefining \cite on input line 694.
\c@NAT@ctr=\count146
))
(D:\software\latex\mitex\mitex\tex/latex/amsmath\amsmath.sty
Package: amsmath 2018/12/01 v2.17b AMS math features
\@mathmargin=\skip74

For additional information on amsmath, use the `?' option.
(D:\software\latex\mitex\mitex\tex/latex/amsmath\amstext.sty
Package: amstext 2000/06/29 v2.01 AMS text

(D:\software\latex\mitex\mitex\tex/latex/amsmath\amsgen.sty
File: amsgen.sty 1999/11/30 v2.0 generic functions
\@emptytoks=\toks28
\ex@=\dimen141
)
LaTeX Info: Redefining \text on input line 28.
)
(D:\software\latex\mitex\mitex\tex/latex/amsmath\amsbsy.sty
Package: amsbsy 1999/11/29 v1.2d Bold Symbols
\pmbraise@=\dimen142
)
(D:\software\latex\mitex\mitex\tex/latex/amsmath\amsopn.sty
Package: amsopn 2016/03/08 v2.02 operator names
)
\inf@bad=\count147
LaTeX Info: Redefining \frac on input line 223.
\uproot@=\count148
\leftroot@=\count149
LaTeX Info: Redefining \overline on input line 385.
\classnum@=\count150
\DOTSCASE@=\count151
LaTeX Info: Redefining \ldots on input line 482.
LaTeX Info: Redefining \dots on input line 485.
LaTeX Info: Redefining \cdots on input line 606.
\Mathstrutbox@=\box31
\strutbox@=\box32
\big@size=\dimen143
LaTeX Font Info:    Redeclaring font encoding OML on input line 729.
LaTeX Font Info:    Redeclaring font encoding OMS on input line 730.
\macc@depth=\count152
\c@MaxMatrixCols=\count153
\dotsspace@=\muskip10
\c@parentequation=\count154
\dspbrk@lvl=\count155
\tag@help=\toks29
\row@=\count156
\column@=\count157
\maxfields@=\count158
\andhelp@=\toks30
\eqnshift@=\dimen144
\alignsep@=\dimen145
\tagshift@=\dimen146
\tagwidth@=\dimen147
\totwidth@=\dimen148
\lineht@=\dimen149
\@envbody=\toks31
\multlinegap=\skip75
\multlinetaggap=\skip76
\mathdisplay@stack=\toks32
LaTeX Info: Redefining \[ on input line 2844.
LaTeX Info: Redefining \] on input line 2845.
)
(D:\software\latex\mitex\mitex\tex/latex/psnfss\times.sty
Package: times 2005/04/12 PSNFSS-v9.2a (SPQR) 
)
(D:\software\latex\mitex\mitex\tex/latex/tools\bm.sty
Package: bm 2017/01/16 v1.2c Bold Symbol Support (DPC/FMi)
\symboldoperators=\mathgroup4
\symboldletters=\mathgroup5
\symboldsymbols=\mathgroup6
LaTeX Font Info:    Redeclaring math alphabet \mathbf on input line 141.
LaTeX Info: Redefining \bm on input line 207.
)
(D:\software\latex\mitex\mitex\tex/latex/algorithm2e\algorithm2e.sty
Invalid UTF-8 byte or sequence at line 284 replaced by U+FFFD.
Invalid UTF-8 byte or sequence at line 299 replaced by U+FFFD.
Invalid UTF-8 byte or sequence at line 550 replaced by U+FFFD.
Package: algorithm2e 2017/07/18 v5.2 algorithms environments
\c@AlgoLine=\count159

(D:\software\latex\mitex\mitex\tex/latex/base\ifthen.sty
Package: ifthen 2014/09/29 v1.1c Standard LaTeX ifthen package (DPC)
)
\algocf@hangindent=\skip77

(D:\software\latex\mitex\mitex\tex/latex/ifoddpage\ifoddpage.sty
Package: ifoddpage 2016/04/23 v1.1 Conditionals for odd/even page detection
\c@checkoddpage=\count160
)
(D:\software\latex\mitex\mitex\tex/latex/tools\xspace.sty
Package: xspace 2014/10/28 v1.13 Space after command names (DPC,MH)
)
(D:\software\latex\mitex\mitex\tex/latex/relsize\relsize.sty
Package: relsize 2013/03/29 ver 4.1
)
\skiptotal=\skip78
\skiplinenumber=\skip79
\skiprule=\skip80
\skiphlne=\skip81
\skiptext=\skip82
\skiplength=\skip83
\algomargin=\skip84
\skipalgocfslide=\skip85
\algowidth=\dimen150
\inoutsize=\dimen151
\inoutindent=\dimen152
\interspacetitleruled=\dimen153
\interspacealgoruled=\dimen154
\interspacetitleboxruled=\dimen155
\algocf@ruledwidth=\skip86
\algocf@inoutbox=\box33
\algocf@inputbox=\box34
\AlCapSkip=\skip87
\AlCapHSkip=\skip88
\algoskipindent=\skip89
\algocf@nlbox=\box35
\algocf@hangingbox=\box36
\algocf@untilbox=\box37
\algocf@skipuntil=\skip90
\algocf@capbox=\box38
\algocf@lcaptionbox=\skip91
\algoheightruledefault=\skip92
\algoheightrule=\skip93
\algotitleheightruledefault=\skip94
\algotitleheightrule=\skip95
\c@algocfline=\count161
\c@algocfproc=\count162
\c@algocf=\count163
\algocf@algoframe=\box39
\algocf@algobox=\box40
) (styleguide.aux)
\openout1 = `styleguide.aux'.

LaTeX Font Info:    Checking defaults for OML/cmm/m/it on input line 45.
LaTeX Font Info:    ... okay on input line 45.
LaTeX Font Info:    Checking defaults for T1/cmr/m/n on input line 45.
LaTeX Font Info:    ... okay on input line 45.
LaTeX Font Info:    Checking defaults for OT1/cmr/m/n on input line 45.
LaTeX Font Info:    ... okay on input line 45.
LaTeX Font Info:    Checking defaults for OMS/cmsy/m/n on input line 45.
LaTeX Font Info:    ... okay on input line 45.
LaTeX Font Info:    Checking defaults for TU/lmr/m/n on input line 45.
LaTeX Font Info:    ... okay on input line 45.
LaTeX Font Info:    Checking defaults for OMX/cmex/m/n on input line 45.
LaTeX Font Info:    ... okay on input line 45.
LaTeX Font Info:    Checking defaults for U/cmr/m/n on input line 45.
LaTeX Font Info:    ... okay on input line 45.
LaTeX Font Info:    Try loading font information for TU+ptm on input line 45.
LaTeX Font Info:    No file TUptm.fd. on input line 45.

LaTeX Font Warning: Font shape `TU/ptm/m/n' undefined
(Font)              using `TU/lmr/m/n' instead on input line 45.


LaTeX Font Warning: Font shape `TU/ptm/bx/n' undefined
(Font)              using `TU/ptm/m/n' instead on input line 70.

LaTeX Font Info:    Try loading font information for TU+phv on input line 70.
LaTeX Font Info:    No file TUphv.fd. on input line 70.

LaTeX Font Warning: Font shape `TU/phv/m/n' undefined
(Font)              using `TU/lmr/m/n' instead on input line 70.


LaTeX Font Warning: Font shape `TU/ptm/m/sc' undefined
(Font)              using `TU/ptm/m/n' instead on input line 70.


LaTeX Font Warning: Font shape `TU/ptm/m/it' undefined
(Font)              using `TU/ptm/m/n' instead on input line 70.


Underfull \hbox (badness 3088) in paragraph at lines 83--84
[]\TU/ptm/m/n/10.95 The elementary approach to control false discovery rate is 
Benjamini and
 []


Underfull \vbox (badness 2189) has occurred while \output is active []


Overfull \vbox (62.0pt too high) has occurred while \output is active []


Overfull \vbox (10.0pt too high) has occurred while \output is active []

 [1

]
LaTeX Font Info:    Try loading font information for TU+pcr on input line 102.
LaTeX Font Info:    No file TUpcr.fd. on input line 102.


LaTeX Font Warning: Font shape `TU/pcr/m/n' undefined
(Font)              using `TU/lmr/m/n' instead on input line 102.


Overfull \vbox (62.0pt too high) has occurred while \output is active []


Overfull \vbox (1.23401pt too high) has occurred while \output is active []


[2]

Package amsmath Warning: Foreign command \atopwithdelims;
(amsmath)                \frac or \genfrac should be used instead
(amsmath)                 on input line 137.


Overfull \vbox (62.0pt too high) has occurred while \output is active []


Overfull \vbox (1.23401pt too high) has occurred while \output is active []


[3]
Underfull \vbox (badness 3219) has occurred while \output is active []


Overfull \vbox (62.0pt too high) has occurred while \output is active []


Overfull \vbox (1.23401pt too high) has occurred while \output is active []


[4]
File: ./art/fig1.pdf Graphic file (type pdf)
<use ./art/fig1.pdf>

Overfull \vbox (215.60165pt too high) detected at line 198
 []


Underfull \vbox (badness 10000) has occurred while \output is active []


Overfull \vbox (62.0pt too high) has occurred while \output is active []


Overfull \vbox (1.23401pt too high) has occurred while \output is active []


[5]
Underfull \vbox (badness 6252) has occurred while \output is active []


Overfull \vbox (62.0pt too high) has occurred while \output is active []


Overfull \vbox (1.23401pt too high) has occurred while \output is active []


[6]
Overfull \vbox (62.0pt too high) has occurred while \output is active []


Overfull \vbox (1.23401pt too high) has occurred while \output is active []


[7] (styleguide.bbl
Overfull \vbox (62.0pt too high) has occurred while \output is active []


Overfull \vbox (1.23401pt too high) has occurred while \output is active []


[8]

Package lineno Warning: Linenumber reference failed, 
(lineno)                rerun to get it right.

)
\tf@thm=\write3
\openout3 = `styleguide.thm'.


Overfull \vbox (62.0pt too high) has occurred while \output is active []


Overfull \vbox (1.23401pt too high) has occurred while \output is active []


[9] (styleguide.aux)

LaTeX Font Warning: Some font shapes were not available, defaults substituted.

 ) 
Here is how much of TeX's memory you used:
 3923 strings out of 427669
 50932 string characters out of 3148809
 143359 words of memory out of 3000000
 7941 multiletter control sequences out of 15000+200000
 14873 words of font info for 61 fonts, out of 3000000 for 9000
 1348 hyphenation exceptions out of 8191
 31i,12n,27p,1390b,302s stack positions out of 5000i,500n,10000p,200000b,50000s

Output written on styleguide.pdf (9 pages).
